Assembler report for Project_Traffic_Controller
Tue May 16 07:11:49 2023
Quartus Prime Version 20.1.1 Build 720 11/11/2020 SJ Lite Edition


---------------------
; Table of Contents ;
---------------------
  1. Legal Notice
  2. Assembler Summary
  3. Assembler Settings
  4. Assembler Generated Files
  5. Assembler Device Options: F:/Jaffna University/SEMESTER 04/6)Digital design(EC4010)/project/project/miniProject_members-2020E_(081,097,107,139,207,208)/output_files/Project_Traffic_Controller.sof
  6. Assembler Messages



----------------
; Legal Notice ;
----------------
Copyright (C) 2020  Intel Corporation. All rights reserved.
Your use of Intel Corporation's design tools, logic functions 
and other software and tools, and any partner logic 
functions, and any output files from any of the foregoing 
(including device programming or simulation files), and any 
associated documentation or information are expressly subject 
to the terms and conditions of the Intel Program License 
Subscription Agreement, the Intel Quartus Prime License Agreement,
the Intel FPGA IP License Agreement, or other applicable license
agreement, including, without limitation, that your use is for
the sole purpose of programming logic devices manufactured by
Intel and sold by Intel or its authorized distributors.  Please
refer to the applicable agreement for further details, at
https://fpgasoftware.intel.com/eula.



+---------------------------------------------------------------+
; Assembler Summary                                             ;
+-----------------------+---------------------------------------+
; Assembler Status      ; Successful - Tue May 16 07:11:49 2023 ;
; Revision Name         ; Project_Traffic_Controller            ;
; Top-level Entity Name ; Project_Traffic_Controller            ;
; Family                ; Cyclone 10 LP                         ;
; Device                ; 10CL006YE144C6G                       ;
+-----------------------+---------------------------------------+


+----------------------------------+
; Assembler Settings               ;
+--------+---------+---------------+
; Option ; Setting ; Default Value ;
+--------+---------+---------------+


+---------------------------------------------------------------------------------------------------------------------------------------------------------------------------+
; Assembler Generated Files                                                                                                                                                 ;
+---------------------------------------------------------------------------------------------------------------------------------------------------------------------------+
; File Name                                                                                                                                                                 ;
+---------------------------------------------------------------------------------------------------------------------------------------------------------------------------+
; F:/Jaffna University/SEMESTER 04/6)Digital design(EC4010)/project/project/miniProject_members-2020E_(081,097,107,139,207,208)/output_files/Project_Traffic_Controller.sof ;
+---------------------------------------------------------------------------------------------------------------------------------------------------------------------------+


+-----------------------------------------------------------------------------------------------------------------------------------------------------------------------------------------------------+
; Assembler Device Options: F:/Jaffna University/SEMESTER 04/6)Digital design(EC4010)/project/project/miniProject_members-2020E_(081,097,107,139,207,208)/output_files/Project_Traffic_Controller.sof ;
+----------------+------------------------------------------------------------------------------------------------------------------------------------------------------------------------------------+
; Option         ; Setting                                                                                                                                                                            ;
+----------------+------------------------------------------------------------------------------------------------------------------------------------------------------------------------------------+
; JTAG usercode  ; 0x0009AC87                                                                                                                                                                         ;
; Checksum       ; 0x0009AC87                                                                                                                                                                         ;
+----------------+------------------------------------------------------------------------------------------------------------------------------------------------------------------------------------+


+--------------------+
; Assembler Messages ;
+--------------------+
Info: *******************************************************************
Info: Running Quartus Prime Assembler
    Info: Version 20.1.1 Build 720 11/11/2020 SJ Lite Edition
    Info: Processing started: Tue May 16 07:11:48 2023
Info: Command: quartus_asm --read_settings_files=off --write_settings_files=off Project_Traffic_Controller -c Project_Traffic_Controller
Warning (18236): Number of processors has not been specified which may cause overloading on shared machines.  Set the global assignment NUM_PARALLEL_PROCESSORS in your QSF to an appropriate value for best performance.
Info (115031): Writing out detailed assembly data for power analysis
Info (115030): Assembler is generating device programming files
Info: Quartus Prime Assembler was successful. 0 errors, 1 warning
    Info: Peak virtual memory: 4678 megabytes
    Info: Processing ended: Tue May 16 07:11:49 2023
    Info: Elapsed time: 00:00:01
    Info: Total CPU time (on all processors): 00:00:01


